<?xml version="1.0" encoding="UTF-8"?>
<!-- Generated by org.testng.reporters.JUnitReportReporter -->
<testsuite name="eu.cloudopting.testing.tests.TestServiceManagement" tests="3" time="541.559" ignored="0" failures="0" timestamp="16 feb 2017 10:39:49 GMT" skipped="0" hostname="dgualano.local" errors="0">
  <testcase name="testSearchService" time="139.044" classname="eu.cloudopting.testing.tests.TestServiceManagement"/>
  <testcase name="testInstanceList" time="99.051" classname="eu.cloudopting.testing.tests.TestServiceManagement"/>
  <testcase name="testServiceManagement" time="303.464" classname="eu.cloudopting.testing.tests.TestServiceManagement"/>
</testsuite> <!-- eu.cloudopting.testing.tests.TestServiceManagement -->
