<?xml version="1.0" encoding="UTF-8"?>
<!-- Generated by org.testng.reporters.JUnitReportReporter -->
<testsuite name="eu.cloudopting.testing.tests.TestUserManagement" tests="2" time="141.639" ignored="0" failures="0" timestamp="16 feb 2017 10:39:49 GMT" skipped="0" hostname="dgualano.local" errors="0">
  <testcase name="testSearchUser" time="25.105" classname="eu.cloudopting.testing.tests.TestUserManagement"/>
  <testcase name="testUserManagement" time="116.534" classname="eu.cloudopting.testing.tests.TestUserManagement"/>
</testsuite> <!-- eu.cloudopting.testing.tests.TestUserManagement -->
