<?xml version="1.0" encoding="UTF-8"?>
<!-- Generated by org.testng.reporters.JUnitReportReporter -->
<testsuite name="eu.cloudopting.testing.tests.TestLogin" tests="1" time="23.415" ignored="0" failures="0" timestamp="16 feb 2017 10:39:49 GMT" skipped="0" hostname="dgualano.local" errors="0">
  <testcase name="testLogin" time="23.415" classname="eu.cloudopting.testing.tests.TestLogin"/>
</testsuite> <!-- eu.cloudopting.testing.tests.TestLogin -->
